-------------------------------------------------------------------------------
Test set: com.example.demo.AirlineApplicationTests
-------------------------------------------------------------------------------
Tests run: 1, Failures: 0, Errors: 1, Skipped: 0, Time elapsed: 0.304 s <<< FAILURE! - in com.example.demo.AirlineApplicationTests
com.example.demo.AirlineApplicationTests  Time elapsed: 0.303 s  <<< ERROR!
java.lang.IllegalStateException: Unable to find a @SpringBootConfiguration, you need to use @ContextConfiguration or @SpringBootTest(classes=...) with your test

